Starting new HTTPS connection (1): ap.salesforce.com
Starting new HTTPS connection (1): ap.salesforce.com
Starting new HTTPS connection (1): ap.salesforce.com
Starting new HTTPS connection (1): ap.salesforce.com
<?xml version="1.0" encoding="UTF-8"?>
<SOAP-ENV:Envelope xmlns:ns0="urn:partner.soap.sforce.com" xmlns:ns1="http://schemas.xmlsoap.org/soap/envelope/" xmlns:xsi="http://www.w3.org/2001/XMLSchema-instance" xmlns:tns="urn:partner.soap.sforce.com" xmlns:SOAP-ENV="http://schemas.xmlsoap.org/soap/envelope/">
   <SOAP-ENV:Header>
      <tns:SessionHeader>
         <tns:sessionId>00D10000000Zo7G!ARQAQIX5pgzd5M8rWyf25_JhY_2wp.j7ecXdAXESKzFPDQaGlc1JwtMIHdBfbABulZznV3crPJ57e5FBR4j8eKeOOkVURByI</tns:sessionId>
      </tns:SessionHeader>
   </SOAP-ENV:Header>
   <ns1:Body>
      <ns0:getUserInfo/>
   </ns1:Body>
</SOAP-ENV:Envelope>
Starting new HTTPS connection (1): ap.salesforce.com
Starting new HTTPS connection (1): ap.salesforce.com
Starting new HTTPS connection (1): ap.salesforce.com
Starting new HTTPS connection (1): ap.salesforce.com
Starting new HTTPS connection (1): ap.salesforce.com
Starting new HTTPS connection (1): ap.salesforce.com
Starting new HTTPS connection (1): ap.salesforce.com
Starting new HTTPS connection (1): ap.salesforce.com
Starting new HTTPS connection (1): ap.salesforce.com
Starting new HTTPS connection (1): ap.salesforce.com
Starting new HTTPS connection (1): ap.salesforce.com
Starting new HTTPS connection (1): ap.salesforce.com
Starting new HTTPS connection (1): ap.salesforce.com
